<?xml version="1.0" encoding="UTF-8"?>
<!-- Generated by org.testng.reporters.JUnitXMLReporter -->
<testsuite ignored="0" hostname="WINCTRL-6LKGJDA" failures="0" tests="3" name="Default test" time="134.892" errors="0" timestamp="2021-09-01T11:38:29 IST">
  <testcase classname="com.vtiger.comcast.contacttest.CreatContactTest" name="CreatContactCheckCallBoxEnableTest" time="24.966"/>
  <testcase classname="com.vtiger.comcast.contacttest.CreatContactTest" name="CreatContactWithOrgNameAndEraseTest" time="31.505"/>
  <testcase classname="com.vtiger.comcast.contacttest.CreatContactTest" name="CreatContactWithOutMandatory" time="15.049"/>
</testsuite> <!-- Default test -->
