<?xml version="1.0" encoding="UTF-8"?>
<!-- Generated by org.testng.reporters.JUnitXMLReporter -->
<testsuite ignored="4" hostname="WINCTRL-6LKGJDA" failures="0" tests="1" name="Test" time="41.929" errors="0" timestamp="2021-08-24T14:18:15 IST">
  <testcase classname="com.vtiger.comcast.contacttest.CreatContactTest" name="CreatContactCheckCallBoxEnableTest" time="16.38"/>
  <testcase classname="com.vtiger.comcast.genericUtility.BaseClass" name="@AfterSuite configAS" time="0.0">
    <ignored/>
  </testcase> <!-- @AfterSuite configAS -->
  <testcase classname="com.vtiger.comcast.contacttest.CreatContactTest" name="CreatContactWithOrgNameAndEraseTest" time="0.0">
    <ignored/>
  </testcase> <!-- CreatContactWithOrgNameAndEraseTest -->
  <testcase classname="com.vtiger.comcast.contacttest.CreatSendingMailTest" name="CreatSendingEmailTest" time="0.0">
    <ignored/>
  </testcase> <!-- CreatSendingEmailTest -->
  <testcase classname="com.vtiger.comcast.genericUtility.BaseClass" name="@BeforeSuite configBS" time="0.0">
    <ignored/>
  </testcase> <!-- @BeforeSuite configBS -->
</testsuite> <!-- Test -->
