<?xml version="1.0" encoding="UTF-8"?>
<testng-results ignored="0" total="3" passed="3" failed="0" skipped="0">
  <reporter-output>
  </reporter-output>
  <suite started-at="2021-09-01T11:36:14 IST" name="Default suite" finished-at="2021-09-01T11:38:29 IST" duration-ms="134892">
    <groups>
      <group name="regressionTest">
        <method signature="CreatContactTest.CreatContactCheckCallBoxEnableTest()[pri:0, instance:com.vtiger.comcast.contacttest.CreatContactTest@537f60bf]" name="CreatContactCheckCallBoxEnableTest" class="com.vtiger.comcast.contacttest.CreatContactTest"/>
      </group> <!-- regressionTest -->
      <group name="smokeTest">
        <method signature="CreatContactTest.CreatContactWithOrgNameAndEraseTest()[pri:0, instance:com.vtiger.comcast.contacttest.CreatContactTest@537f60bf]" name="CreatContactWithOrgNameAndEraseTest" class="com.vtiger.comcast.contacttest.CreatContactTest"/>
      </group> <!-- smokeTest -->
    </groups>
    <test started-at="2021-09-01T11:36:14 IST" name="Default test" finished-at="2021-09-01T11:38:29 IST" duration-ms="134892">
      <class name="com.vtiger.comcast.contacttest.CreatContactTest">
        <test-method is-config="true" signature="configBS()[pri:0, instance:com.vtiger.comcast.contacttest.CreatContactTest@537f60bf]" started-at="2021-09-01T11:36:14 IST" name="configBS" finished-at="2021-09-01T11:36:14 IST" duration-ms="24" status="PASS">
          <reporter-output>
          </reporter-output>
        </test-method> <!-- configBS -->
        <test-method is-config="true" signature="configBC()[pri:0, instance:com.vtiger.comcast.contacttest.CreatContactTest@537f60bf]" started-at="2021-09-01T11:36:14 IST" name="configBC" finished-at="2021-09-01T11:36:20 IST" duration-ms="6061" status="PASS">
          <reporter-output>
          </reporter-output>
        </test-method> <!-- configBC -->
        <test-method is-config="true" signature="configBM()[pri:0, instance:com.vtiger.comcast.contacttest.CreatContactTest@537f60bf]" started-at="2021-09-01T11:36:20 IST" name="configBM" finished-at="2021-09-01T11:36:37 IST" duration-ms="16970" status="PASS">
          <reporter-output>
          </reporter-output>
        </test-method> <!-- configBM -->
        <test-method signature="CreatContactCheckCallBoxEnableTest()[pri:0, instance:com.vtiger.comcast.contacttest.CreatContactTest@537f60bf]" started-at="2021-09-01T11:36:37 IST" name="CreatContactCheckCallBoxEnableTest" finished-at="2021-09-01T11:37:02 IST" duration-ms="24966" status="PASS">
          <reporter-output>
          </reporter-output>
        </test-method> <!-- CreatContactCheckCallBoxEnableTest -->
        <test-method is-config="true" signature="configAM()[pri:0, instance:com.vtiger.comcast.contacttest.CreatContactTest@537f60bf]" started-at="2021-09-01T11:37:02 IST" name="configAM" finished-at="2021-09-01T11:37:12 IST" duration-ms="9822" status="PASS">
          <reporter-output>
          </reporter-output>
        </test-method> <!-- configAM -->
        <test-method is-config="true" signature="configBM()[pri:0, instance:com.vtiger.comcast.contacttest.CreatContactTest@537f60bf]" started-at="2021-09-01T11:37:12 IST" name="configBM" finished-at="2021-09-01T11:37:22 IST" duration-ms="10353" status="PASS">
          <reporter-output>
          </reporter-output>
        </test-method> <!-- configBM -->
        <test-method signature="CreatContactWithOrgNameAndEraseTest()[pri:0, instance:com.vtiger.comcast.contacttest.CreatContactTest@537f60bf]" started-at="2021-09-01T11:37:22 IST" name="CreatContactWithOrgNameAndEraseTest" finished-at="2021-09-01T11:37:54 IST" duration-ms="31505" status="PASS">
          <reporter-output>
          </reporter-output>
        </test-method> <!-- CreatContactWithOrgNameAndEraseTest -->
        <test-method is-config="true" signature="configAM()[pri:0, instance:com.vtiger.comcast.contacttest.CreatContactTest@537f60bf]" started-at="2021-09-01T11:37:54 IST" name="configAM" finished-at="2021-09-01T11:37:58 IST" duration-ms="4424" status="PASS">
          <reporter-output>
          </reporter-output>
        </test-method> <!-- configAM -->
        <test-method is-config="true" signature="configBM()[pri:0, instance:com.vtiger.comcast.contacttest.CreatContactTest@537f60bf]" started-at="2021-09-01T11:37:58 IST" name="configBM" finished-at="2021-09-01T11:38:08 IST" duration-ms="9535" status="PASS">
          <reporter-output>
          </reporter-output>
        </test-method> <!-- configBM -->
        <test-method signature="CreatContactWithOutMandatory()[pri:0, instance:com.vtiger.comcast.contacttest.CreatContactTest@537f60bf]" started-at="2021-09-01T11:38:08 IST" name="CreatContactWithOutMandatory" finished-at="2021-09-01T11:38:23 IST" duration-ms="15049" status="PASS">
          <reporter-output>
          </reporter-output>
        </test-method> <!-- CreatContactWithOutMandatory -->
        <test-method is-config="true" signature="configAM()[pri:0, instance:com.vtiger.comcast.contacttest.CreatContactTest@537f60bf]" started-at="2021-09-01T11:38:23 IST" name="configAM" finished-at="2021-09-01T11:38:28 IST" duration-ms="5004" status="PASS">
          <reporter-output>
          </reporter-output>
        </test-method> <!-- configAM -->
        <test-method is-config="true" signature="configAC()[pri:0, instance:com.vtiger.comcast.contacttest.CreatContactTest@537f60bf]" started-at="2021-09-01T11:38:28 IST" name="configAC" finished-at="2021-09-01T11:38:29 IST" duration-ms="1013" status="PASS">
          <reporter-output>
          </reporter-output>
        </test-method> <!-- configAC -->
        <test-method is-config="true" signature="configAS()[pri:0, instance:com.vtiger.comcast.contacttest.CreatContactTest@537f60bf]" started-at="2021-09-01T11:38:29 IST" name="configAS" finished-at="2021-09-01T11:38:29 IST" duration-ms="1" status="PASS">
          <reporter-output>
          </reporter-output>
        </test-method> <!-- configAS -->
      </class> <!-- com.vtiger.comcast.contacttest.CreatContactTest -->
    </test> <!-- Default test -->
  </suite> <!-- Default suite -->
</testng-results>
